<?xml version="1.0" encoding="UTF-8"?>
<!-- Generated by org.testng.reporters.JUnitReportReporter -->
<testsuite skipped="0" hostname="MYTSP01813" name="com.gk.test.RunSingleSuite" tests="4" failures="0" timestamp="04 Dec 2020 08:55:14 GMT" time="0.293" errors="0">
  <testcase name="runScenario" time="0.001" classname="com.gk.test.RunSingleSuite"/>
  <testcase name="runScenario" time="0.001" classname="com.gk.test.RunSingleSuite"/>
  <testcase name="runScenario" time="0.290" classname="com.gk.test.RunSingleSuite"/>
  <testcase name="runScenario" time="0.001" classname="com.gk.test.RunSingleSuite"/>
</testsuite> <!-- com.gk.test.RunSingleSuite -->
